<?xml version="1.0" encoding="UTF-8" ?>
<testsuites disabled="0" errors="0" failures="1" tests="1" time="1.201">
 <testsuite name="Launch Mypedia" timestamp="2020-12-12T13:48:09" hostname="localhost" time="1.201" errors="0" tests="1" skipped="0" disabled="0" failures="1">
  <testcase classname="Launch Mypedia" name="should login live person Bot &amp; Automation Platform succesfully" time="1.198">
   <failure type="exception" message="Failed: Cannot read property &apos;isPresent&apos; of undefined"><![CDATA[TypeError: Cannot read property 'isPresent' of undefined
    at ProtractorExpectedConditions.presenceOf (C:\Users\Shahbaz(Irfan)\Desktop\UI\UI-Automated-Test-MyPedia\node_modules\protractor\built\expectedConditions.js:341:30)
    at UserContext.<anonymous> (C:\Users\Shahbaz(Irfan)\Desktop\UI\UI-Automated-Test-MyPedia\E2E\specs\loginMypedia.spec.js:21:24)
    at C:\Users\Shahbaz(Irfan)\Desktop\UI\UI-Automated-Test-MyPedia\node_modules\jasminewd2\index.js:112:25
    at new ManagedPromise (C:\Users\Shahbaz(Irfan)\Desktop\UI\UI-Automated-Test-MyPedia\node_modules\selenium-webdriver\lib\promise.js:1077:7)
    at ControlFlow.promise (C:\Users\Shahbaz(Irfan)\Desktop\UI\UI-Automated-Test-MyPedia\node_modules\selenium-webdriver\lib\promise.js:2505:12)
    at schedulerExecute (C:\Users\Shahbaz(Irfan)\Desktop\UI\UI-Automated-Test-MyPedia\node_modules\jasminewd2\index.js:95:18)
    at TaskQueue.execute_ (C:\Users\Shahbaz(Irfan)\Desktop\UI\UI-Automated-Test-MyPedia\node_modules\selenium-webdriver\lib\promise.js:3084:14)
    at TaskQueue.executeNext_ (C:\Users\Shahbaz(Irfan)\Desktop\UI\UI-Automated-Test-MyPedia\node_modules\selenium-webdriver\lib\promise.js:3067:27)
    at C:\Users\Shahbaz(Irfan)\Desktop\UI\UI-Automated-Test-MyPedia\node_modules\selenium-webdriver\lib\promise.js:2927:27
    at C:\Users\Shahbaz(Irfan)\Desktop\UI\UI-Automated-Test-MyPedia\node_modules\selenium-webdriver\lib\promise.js:668:7
From: Task: Run beforeEach in control flow
    at UserContext.<anonymous> (C:\Users\Shahbaz(Irfan)\Desktop\UI\UI-Automated-Test-MyPedia\node_modules\jasminewd2\index.js:94:19)
    at attempt (C:\Users\Shahbaz(Irfan)\Desktop\UI\UI-Automated-Test-MyPedia\node_modules\jasmine-core\lib\jasmine-core\jasmine.js:4297:26)
    at QueueRunner.run (C:\Users\Shahbaz(Irfan)\Desktop\UI\UI-Automated-Test-MyPedia\node_modules\jasmine-core\lib\jasmine-core\jasmine.js:4217:20)
    at QueueRunner.execute (C:\Users\Shahbaz(Irfan)\Desktop\UI\UI-Automated-Test-MyPedia\node_modules\jasmine-core\lib\jasmine-core\jasmine.js:4199:10)
    at Spec.queueRunnerFactory (C:\Users\Shahbaz(Irfan)\Desktop\UI\UI-Automated-Test-MyPedia\node_modules\jasmine-core\lib\jasmine-core\jasmine.js:909:35)
    at Spec.execute (C:\Users\Shahbaz(Irfan)\Desktop\UI\UI-Automated-Test-MyPedia\node_modules\jasmine-core\lib\jasmine-core\jasmine.js:526:10)
    at UserContext.fn (C:\Users\Shahbaz(Irfan)\Desktop\UI\UI-Automated-Test-MyPedia\node_modules\jasmine-core\lib\jasmine-core\jasmine.js:5340:37)
    at attempt (C:\Users\Shahbaz(Irfan)\Desktop\UI\UI-Automated-Test-MyPedia\node_modules\jasmine-core\lib\jasmine-core\jasmine.js:4297:26)
    at QueueRunner.run (C:\Users\Shahbaz(Irfan)\Desktop\UI\UI-Automated-Test-MyPedia\node_modules\jasmine-core\lib\jasmine-core\jasmine.js:4217:20)
    at QueueRunner.execute (C:\Users\Shahbaz(Irfan)\Desktop\UI\UI-Automated-Test-MyPedia\node_modules\jasmine-core\lib\jasmine-core\jasmine.js:4199:10)
From asynchronous test: 
Error
    at Suite.<anonymous> (C:\Users\Shahbaz(Irfan)\Desktop\UI\UI-Automated-Test-MyPedia\E2E\specs\loginMypedia.spec.js:16:3)
    at addSpecsToSuite (C:\Users\Shahbaz(Irfan)\Desktop\UI\UI-Automated-Test-MyPedia\node_modules\jasmine-core\lib\jasmine-core\jasmine.js:1107:25)
    at Env.describe (C:\Users\Shahbaz(Irfan)\Desktop\UI\UI-Automated-Test-MyPedia\node_modules\jasmine-core\lib\jasmine-core\jasmine.js:1074:7)
    at describe (C:\Users\Shahbaz(Irfan)\Desktop\UI\UI-Automated-Test-MyPedia\node_modules\jasmine-core\lib\jasmine-core\jasmine.js:4399:18)
    at Object.<anonymous> (C:\Users\Shahbaz(Irfan)\Desktop\UI\UI-Automated-Test-MyPedia\E2E\specs\loginMypedia.spec.js:12:1)
    at Module._compile (internal/modules/cjs/loader.js:1133:30)
    at Object.Module._extensions..js (internal/modules/cjs/loader.js:1153:10)
    at Module.load (internal/modules/cjs/loader.js:977:32)
    at Function.Module._load (internal/modules/cjs/loader.js:877:14)]]>
   </failure>
  </testcase>
 </testsuite>
</testsuites>